Release 14.1 - platgen Xilinx EDK 14.1 Build EDK_P.15xf
 (nt)
Copyright (c) 1995-2012 Xilinx, Inc.  All rights reserved.

Command Line: platgen -p xc3s1000ft256-5 -lang vhdl -intstyle default -msg
__xps/ise/xmsgprops.lst Practica2.mhs 

Parse C:/Users/CJRipa/Videos/Proyecto/PracticasSE/Practica2.mhs ...

Read MPD definitions ...

Overriding IP level properties ...

Computing clock values...
INFO:EDK:1432 - Frequency for Top-Level Input Clock 'Clk_pin' is not specified.
   Clock DRCs will not be performed for IPs connected to that clock port, unless
   they are connected through the clock generator IP. 


Performing IP level DRCs on properties...

Running DRC Tcl procedures for OPTION IPLEVEL_DRC_PROC...
Address Map for Processor microblaze_0
  (0000000000-0x00007fff) xps_bram_if_cntlr_0	plb_v46_0
  (0x81400000-0x8140ffff) xps_gpio_1	plb_v46_0
  (0x81420000-0x8142ffff) xps_gpio_0	plb_v46_0
  (0x84000000-0x8400ffff) xps_uartlite_0	plb_v46_0
  (0xc5800000-0xc580ffff) banner_0	plb_v46_0
  (0xc7200000-0xc720ffff) leds_rgb_0	plb_v46_0
  (0xc9600000-0xc960ffff) keypad_0	plb_v46_0
  (0xcee00000-0xcee0ffff) altavoz_0	plb_v46_0
INFO:EDK:4130 - IPNAME: plb_v46, INSTANCE:plb_v46_0 - tool is overriding
   PARAMETER C_PLBV46_NUM_MASTERS value to 2 -
   C:\Xilinx\14.1\ISE_DS\EDK\hw\XilinxProcessorIPLib\pcores\plb_v46_v1_05_a\data
   \plb_v46_v2_1_0.mpd line 78 
INFO:EDK:4130 - IPNAME: plb_v46, INSTANCE:plb_v46_0 - tool is overriding
   PARAMETER C_PLBV46_MID_WIDTH value to 1 -
   C:\Xilinx\14.1\ISE_DS\EDK\hw\XilinxProcessorIPLib\pcores\plb_v46_v1_05_a\data
   \plb_v46_v2_1_0.mpd line 80 
INFO:EDK:4130 - IPNAME: plb_v46, INSTANCE:plb_v46_0 - tool is overriding
   PARAMETER C_PLBV46_DWIDTH value to 32 -
   C:\Xilinx\14.1\ISE_DS\EDK\hw\XilinxProcessorIPLib\pcores\plb_v46_v1_05_a\data
   \plb_v46_v2_1_0.mpd line 82 
INFO:EDK:4130 - IPNAME: bram_block, INSTANCE:bram_block_0 - tool is overriding
   PARAMETER C_MEMSIZE value to 0x8000 -
   C:\Xilinx\14.1\ISE_DS\EDK\hw\XilinxProcessorIPLib\pcores\bram_block_v1_00_a\d
   ata\bram_block_v2_1_0.mpd line 76 
INFO:EDK:4130 - IPNAME: xps_gpio, INSTANCE:xps_gpio_0 - tool is overriding
   PARAMETER C_SPLB_NUM_MASTERS value to 2 -
   C:\Xilinx\14.1\ISE_DS\EDK\hw\XilinxProcessorIPLib\pcores\xps_gpio_v2_00_a\dat
   a\xps_gpio_v2_1_0.mpd line 81 
INFO:EDK:4130 - IPNAME: xps_uartlite, INSTANCE:xps_uartlite_0 - tool is
   overriding PARAMETER C_SPLB_NUM_MASTERS value to 2 -
   C:\Xilinx\14.1\ISE_DS\EDK\hw\XilinxProcessorIPLib\pcores\xps_uartlite_v1_02_a
   \data\xps_uartlite_v2_1_0.mpd line 83 
INFO:EDK:4130 - IPNAME: xps_gpio, INSTANCE:xps_gpio_1 - tool is overriding
   PARAMETER C_SPLB_NUM_MASTERS value to 2 -
   C:\Xilinx\14.1\ISE_DS\EDK\hw\XilinxProcessorIPLib\pcores\xps_gpio_v2_00_a\dat
   a\xps_gpio_v2_1_0.mpd line 81 
INFO:EDK:4130 - IPNAME: banner, INSTANCE:banner_0 - tool is overriding PARAMETER
   C_SPLB_DWIDTH value to 32 -
   C:\Users\CJRipa\Videos\Proyecto\PracticasSE\pcores\banner_v1_00_a\data\banner
   _v2_1_0.mpd line 27 
INFO:EDK:4130 - IPNAME: banner, INSTANCE:banner_0 - tool is overriding PARAMETER
   C_SPLB_NUM_MASTERS value to 2 -
   C:\Users\CJRipa\Videos\Proyecto\PracticasSE\pcores\banner_v1_00_a\data\banner
   _v2_1_0.mpd line 28 
INFO:EDK:4130 - IPNAME: banner, INSTANCE:banner_0 - tool is overriding PARAMETER
   C_SPLB_MID_WIDTH value to 1 -
   C:\Users\CJRipa\Videos\Proyecto\PracticasSE\pcores\banner_v1_00_a\data\banner
   _v2_1_0.mpd line 29 
INFO:EDK:4130 - IPNAME: keypad, INSTANCE:keypad_0 - tool is overriding PARAMETER
   C_SPLB_DWIDTH value to 32 -
   C:\Users\CJRipa\Videos\Proyecto\PracticasSE\pcores\keypad_v1_00_a\data\keypad
   _v2_1_0.mpd line 27 
INFO:EDK:4130 - IPNAME: keypad, INSTANCE:keypad_0 - tool is overriding PARAMETER
   C_SPLB_NUM_MASTERS value to 2 -
   C:\Users\CJRipa\Videos\Proyecto\PracticasSE\pcores\keypad_v1_00_a\data\keypad
   _v2_1_0.mpd line 28 
INFO:EDK:4130 - IPNAME: keypad, INSTANCE:keypad_0 - tool is overriding PARAMETER
   C_SPLB_MID_WIDTH value to 1 -
   C:\Users\CJRipa\Videos\Proyecto\PracticasSE\pcores\keypad_v1_00_a\data\keypad
   _v2_1_0.mpd line 29 
INFO:EDK:4130 - IPNAME: leds_rgb, INSTANCE:leds_rgb_0 - tool is overriding
   PARAMETER C_SPLB_DWIDTH value to 32 -
   C:\Users\CJRipa\Videos\Proyecto\PracticasSE\pcores\leds_rgb_v1_00_a\data\leds
   _rgb_v2_1_0.mpd line 27 
INFO:EDK:4130 - IPNAME: leds_rgb, INSTANCE:leds_rgb_0 - tool is overriding
   PARAMETER C_SPLB_NUM_MASTERS value to 2 -
   C:\Users\CJRipa\Videos\Proyecto\PracticasSE\pcores\leds_rgb_v1_00_a\data\leds
   _rgb_v2_1_0.mpd line 28 
INFO:EDK:4130 - IPNAME: leds_rgb, INSTANCE:leds_rgb_0 - tool is overriding
   PARAMETER C_SPLB_MID_WIDTH value to 1 -
   C:\Users\CJRipa\Videos\Proyecto\PracticasSE\pcores\leds_rgb_v1_00_a\data\leds
   _rgb_v2_1_0.mpd line 29 
INFO:EDK:4130 - IPNAME: altavoz, INSTANCE:altavoz_0 - tool is overriding
   PARAMETER C_SPLB_DWIDTH value to 32 -
   C:\Users\CJRipa\Videos\Proyecto\PracticasSE\pcores\altavoz_v1_00_a\data\altav
   oz_v2_1_0.mpd line 27 
INFO:EDK:4130 - IPNAME: altavoz, INSTANCE:altavoz_0 - tool is overriding
   PARAMETER C_SPLB_NUM_MASTERS value to 2 -
   C:\Users\CJRipa\Videos\Proyecto\PracticasSE\pcores\altavoz_v1_00_a\data\altav
   oz_v2_1_0.mpd line 28 
INFO:EDK:4130 - IPNAME: altavoz, INSTANCE:altavoz_0 - tool is overriding
   PARAMETER C_SPLB_MID_WIDTH value to 1 -
   C:\Users\CJRipa\Videos\Proyecto\PracticasSE\pcores\altavoz_v1_00_a\data\altav
   oz_v2_1_0.mpd line 29 

Checking platform address map ...

Checking platform configuration ...
IPNAME: plb_v46, INSTANCE: plb_v46_0 - 2 master(s) : 8 slave(s) 

Checking port drivers...
WARNING:EDK:4180 - PORT: EXT_BRK, CONNECTOR: Ext_BRK - No driver found. Port
   will be driven to GND -
   C:\Xilinx\14.1\ISE_DS\EDK\hw\XilinxProcessorIPLib\pcores\microblaze_v8_30_a\d
   ata\microblaze_v2_1_0.mpd line 412 
WARNING:EDK:4180 - PORT: EXT_NM_BRK, CONNECTOR: Ext_NM_BRK - No driver found.
   Port will be driven to GND -
   C:\Xilinx\14.1\ISE_DS\EDK\hw\XilinxProcessorIPLib\pcores\microblaze_v8_30_a\d
   ata\microblaze_v2_1_0.mpd line 413 

Performing Clock DRCs...
INFO:EDK:4060 - INSTANCE: microblaze_0, PARAMETER: C_FREQ - Did not implement
   clock DRCs for the parameter. Top-level frequency could not be propagated to
   this IP. Please make sure that you have specified the frequency of the
   top-level clock port, and that the clocks are properly connected.
INFO:EDK:4060 - INSTANCE: xps_uartlite_0, PARAMETER: C_SPLB_CLK_FREQ_HZ - Did
   not implement clock DRCs for the parameter. Top-level frequency could not be
   propagated to this IP. Please make sure that you have specified the frequency
   of the top-level clock port, and that the clocks are properly connected.
INFO:EDK:4060 - INSTANCE: banner_0, PARAMETER: C_SPLB_CLK_PERIOD_PS - Did not
   implement clock DRCs for the parameter. Top-level frequency could not be
   propagated to this IP. Please make sure that you have specified the frequency
   of the top-level clock port, and that the clocks are properly connected.
INFO:EDK:4060 - INSTANCE: keypad_0, PARAMETER: C_SPLB_CLK_PERIOD_PS - Did not
   implement clock DRCs for the parameter. Top-level frequency could not be
   propagated to this IP. Please make sure that you have specified the frequency
   of the top-level clock port, and that the clocks are properly connected.
INFO:EDK:4060 - INSTANCE: leds_rgb_0, PARAMETER: C_SPLB_CLK_PERIOD_PS - Did not
   implement clock DRCs for the parameter. Top-level frequency could not be
   propagated to this IP. Please make sure that you have specified the frequency
   of the top-level clock port, and that the clocks are properly connected.
INFO:EDK:4060 - INSTANCE: altavoz_0, PARAMETER: C_SPLB_CLK_PERIOD_PS - Did not
   implement clock DRCs for the parameter. Top-level frequency could not be
   propagated to this IP. Please make sure that you have specified the frequency
   of the top-level clock port, and that the clocks are properly connected.

Performing Reset DRCs...

Overriding system level properties...
INFO:EDK:4130 - IPNAME: microblaze, INSTANCE:microblaze_0 - tcl is overriding
   PARAMETER C_D_PLB value to 1 -
   C:\Xilinx\14.1\ISE_DS\EDK\hw\XilinxProcessorIPLib\pcores\microblaze_v8_30_a\d
   ata\microblaze_v2_1_0.mpd line 230 
INFO:EDK:4130 - IPNAME: microblaze, INSTANCE:microblaze_0 - tcl is overriding
   PARAMETER C_D_LMB value to 0 -
   C:\Xilinx\14.1\ISE_DS\EDK\hw\XilinxProcessorIPLib\pcores\microblaze_v8_30_a\d
   ata\microblaze_v2_1_0.mpd line 231 
INFO:EDK:4130 - IPNAME: microblaze, INSTANCE:microblaze_0 - tcl is overriding
   PARAMETER C_I_PLB value to 1 -
   C:\Xilinx\14.1\ISE_DS\EDK\hw\XilinxProcessorIPLib\pcores\microblaze_v8_30_a\d
   ata\microblaze_v2_1_0.mpd line 233 
INFO:EDK:4130 - IPNAME: microblaze, INSTANCE:microblaze_0 - tcl is overriding
   PARAMETER C_I_LMB value to 0 -
   C:\Xilinx\14.1\ISE_DS\EDK\hw\XilinxProcessorIPLib\pcores\microblaze_v8_30_a\d
   ata\microblaze_v2_1_0.mpd line 234 
INFO:EDK:4130 - IPNAME: microblaze, INSTANCE:microblaze_0 - tcl is overriding
   PARAMETER C_ADDR_TAG_BITS value to 0 -
   C:\Xilinx\14.1\ISE_DS\EDK\hw\XilinxProcessorIPLib\pcores\microblaze_v8_30_a\d
   ata\microblaze_v2_1_0.mpd line 334 
INFO:EDK:4130 - IPNAME: microblaze, INSTANCE:microblaze_0 - tcl is overriding
   PARAMETER C_DCACHE_ADDR_TAG value to 0 -
   C:\Xilinx\14.1\ISE_DS\EDK\hw\XilinxProcessorIPLib\pcores\microblaze_v8_30_a\d
   ata\microblaze_v2_1_0.mpd line 364 

Running system level update procedures...

Running UPDATE Tcl procedures for OPTION SYSLEVEL_UPDATE_PROC...

Running system level DRCs...

Performing System level DRCs on properties...

Running DRC Tcl procedures for OPTION SYSLEVEL_DRC_PROC...

Running UPDATE Tcl procedures for OPTION PLATGEN_SYSLEVEL_UPDATE_PROC...
INFO: The microblaze_0 core has constraints automatically generated by XPS in
implementation/microblaze_0_wrapper/microblaze_0_wrapper.ucf.
It can be overridden by constraints placed in the system.ucf file.


Modify defaults ...

Creating stub ...

Processing licensed instances ...
Completion time: 0.00 seconds

Creating hardware output directories ...

Managing hardware (BBD-specified) netlist files ...

Managing cache ...
IPNAME:microblaze INSTANCE:microblaze_0 -
C:\Users\CJRipa\Videos\Proyecto\PracticasSE\Practica2.mhs line 25 - Copying
cache implementation netlist
IPNAME:xps_bram_if_cntlr INSTANCE:xps_bram_if_cntlr_0 -
C:\Users\CJRipa\Videos\Proyecto\PracticasSE\Practica2.mhs line 40 - Copying
cache implementation netlist
IPNAME:bram_block INSTANCE:bram_block_0 -
C:\Users\CJRipa\Videos\Proyecto\PracticasSE\Practica2.mhs line 50 - Copying
cache implementation netlist
IPNAME:xps_gpio INSTANCE:xps_gpio_0 -
C:\Users\CJRipa\Videos\Proyecto\PracticasSE\Practica2.mhs line 56 - Copying
cache implementation netlist
IPNAME:xps_uartlite INSTANCE:xps_uartlite_0 -
C:\Users\CJRipa\Videos\Proyecto\PracticasSE\Practica2.mhs line 66 - Copying
cache implementation netlist
IPNAME:xps_gpio INSTANCE:xps_gpio_1 -
C:\Users\CJRipa\Videos\Proyecto\PracticasSE\Practica2.mhs line 78 - Copying
cache implementation netlist
IPNAME:banner INSTANCE:banner_0 -
C:\Users\CJRipa\Videos\Proyecto\PracticasSE\Practica2.mhs line 88 - Copying
cache implementation netlist
IPNAME:keypad INSTANCE:keypad_0 -
C:\Users\CJRipa\Videos\Proyecto\PracticasSE\Practica2.mhs line 102 - Copying
cache implementation netlist
IPNAME:leds_rgb INSTANCE:leds_rgb_0 -
C:\Users\CJRipa\Videos\Proyecto\PracticasSE\Practica2.mhs line 112 - Copying
cache implementation netlist

Elaborating instances ...
IPNAME:bram_block INSTANCE:bram_block_0 -
C:\Users\CJRipa\Videos\Proyecto\PracticasSE\Practica2.mhs line 50 - elaborating
IP

Writing HDL for elaborated instances ...

Inserting wrapper level ...
Completion time: 1.00 seconds

Constructing platform-level connectivity ...
Completion time: 0.00 seconds

Writing (top-level) BMM ...

Writing (top-level and wrappers) HDL ...

Generating synthesis project file ...

Running XST synthesis ...

INFO:EDK:4211 - The following instances are synthesized with XST. The MPD option
   IMP_NETLIST=TRUE indicates that a NGC file is to be produced using XST
   synthesis. IMP_NETLIST=FALSE (default) instances are not synthesized. 
INSTANCE:plb_v46_0 - C:\Users\CJRipa\Videos\Proyecto\PracticasSE\Practica2.mhs
line 33 - Running XST synthesis
INSTANCE:banner_0 - C:\Users\CJRipa\Videos\Proyecto\PracticasSE\Practica2.mhs
line 88 - Running XST synthesis
INSTANCE:keypad_0 - C:\Users\CJRipa\Videos\Proyecto\PracticasSE\Practica2.mhs
line 102 - Running XST synthesis
INSTANCE:leds_rgb_0 - C:\Users\CJRipa\Videos\Proyecto\PracticasSE\Practica2.mhs
line 112 - Running XST synthesis
INSTANCE:altavoz_0 - C:\Users\CJRipa\Videos\Proyecto\PracticasSE\Practica2.mhs
line 123 - Running XST synthesis

Running NGCBUILD ...
INFO:EDK:3509 - NCF files should not be modified as they will be regenerated.
   If any constraint needs to be overridden, this should be done by modifying
   the data/Practica2.ucf file.

Rebuilding cache ...

Total run time: 110.00 seconds
